<?xml version="1.0" encoding="UTF-8"?>
<!-- Generated by org.testng.reporters.JUnitReportReporter -->
<testsuite skipped="0" hostname="DESKTOP-4HTJFM0" name="pageAction.yourDetails" tests="1" failures="0" timestamp="13 Nov 2018 02:38:46 GMT" time="42.406" errors="0">
  <testcase name="basicDetail" time="42.406" classname="pageAction.yourDetails"/>
</testsuite> <!-- pageAction.yourDetails -->
