<?xml version="1.0" encoding="UTF-8"?>
<!-- Generated by org.testng.reporters.JUnitReportReporter -->
<testsuite skipped="0" hostname="DESKTOP-4HTJFM0" name="pageAction.myProperty" tests="1" failures="0" timestamp="13 Nov 2018 02:38:46 GMT" time="5.469" errors="0">
  <testcase name="propDetails" time="5.469" classname="pageAction.myProperty"/>
</testsuite> <!-- pageAction.myProperty -->
